[1;32m> [0;mLoading point clouds and configurations...
support_size =  0.05
max_corr_dist_ =  0.150674 
min_corr_dist_ =  0.13 
icp_corr_distance_ =  0.015
sac_inliers =  0.2
model_angularResolution =  0.4
scene_angularResolution =  0.4
median_factor =  10 
rejection_angle =  180 
validation_score_max =  0.63 
validation_score_min =  0.61
[1;32m> [0;mExtract NARF keypoints...
Found 38 key points in model.
Found 143 key points in scene.
[1;32m> [0;mComputing NARF descriptors...
Extracted 40 descriptors for 38 keypoints.
Extracted 151 descriptors for 143 keypoints.
[1;32m> [0;mFinding Correspondeces...
calculated 38 keypoints for the model and 143 keypoints for the scene
sqrt_diff: 1.33923
(k_indices,index,k_distances): (5,78,0.150574)
sqrt_diff: 1.56784
(k_indices,index,k_distances): (11,78,0.145816)
sqrt_diff: 1.6592
(k_indices,index,k_distances): (12,78,0.130126)
sqrt_diff: 1.53269
(k_indices,index,k_distances): (16,78,0.139702)
sqrt_diff: 1.37794
(k_indices,index,k_distances): (20,78,0.135773)
sqrt_diff: 1.30698
(k_indices,index,k_distances): (22,78,0.142717)
sqrt_diff: 1.26651
(k_indices,index,k_distances): (27,78,0.143662)
sqrt_diff: 1.2464
(k_indices,index,k_distances): (28,78,0.146384)
sqrt_diff: 1.14271
(k_indices,index,k_distances): (30,78,0.138466)
sqrt_diff: 1.40585
(k_indices,index,k_distances): (37,78,0.145015)
sqrt_diff: 0.977952
(k_indices,index,k_distances): (39,78,0.137116)
	Found 13 correspondences 
(k_indices,index,k_distances): 1 45 0.108024
(k_indices,index,k_distances): 3 89 0.106604
(k_indices,index,k_distances): 5 78 0.150574
(k_indices,index,k_distances): 11 78 0.145816
(k_indices,index,k_distances): 12 78 0.130126
(k_indices,index,k_distances): 16 78 0.139702
(k_indices,index,k_distances): 20 78 0.135773
(k_indices,index,k_distances): 22 78 0.142717
(k_indices,index,k_distances): 27 78 0.143662
(k_indices,index,k_distances): 28 78 0.146384
(k_indices,index,k_distances): 30 78 0.138466
(k_indices,index,k_distances): 37 78 0.145015
(k_indices,index,k_distances): 39 78 0.137116
Max dist: 0.150574
Min dist: 0.106604
diff_L1_ij_model_scene: 0.0367527
diff_L1_jk_model_scene: 0.0269596
diff_L1_ki_model_scene: 0.00905722
diff_L1_ij_model_scene: 0.0367527
diff_L1_jk_model_scene: 0.0194326
diff_L1_ki_model_scene: 0.0166942
diff_L1_ij_model_scene: 0.00905722
diff_L1_jk_model_scene: 0.075744
diff_L1_ki_model_scene: 0.0166942
diff_L1_ij_model_scene: 0.0269596
diff_L1_jk_model_scene: 0.075744
diff_L1_ki_model_scene: 0.0194326
diff_L1_ij_model_scene: 0.0367527
diff_L1_jk_model_scene: 0.0138096
diff_L1_ki_model_scene: 0.000217281
diff_L1_ij_model_scene: 0.00905722
diff_L1_jk_model_scene: 0.0725309
diff_L1_ki_model_scene: 0.000217281
diff_L1_ij_model_scene: 0.0269596
diff_L1_jk_model_scene: 0.0725309
diff_L1_ki_model_scene: 0.0138096
diff_L1_ij_model_scene: 0.0166942
diff_L1_jk_model_scene: 0.0439375
diff_L1_ki_model_scene: 0.000217281
diff_L1_ij_model_scene: 0.0194326
diff_L1_jk_model_scene: 0.0439375
diff_L1_ki_model_scene: 0.0138096
diff_L1_ij_model_scene: 0.075744
diff_L1_jk_model_scene: 0.0439375
diff_L1_ki_model_scene: 0.0725309
diff_L1_ij_model_scene: 0.0367527
diff_L1_jk_model_scene: 0.0244865
diff_L1_ki_model_scene: 0.00502481
diff_L1_ij_model_scene: 0.00905722
diff_L1_jk_model_scene: 0.047817
diff_L1_ki_model_scene: 0.00502481
diff_L1_ij_model_scene: 0.0269596
diff_L1_jk_model_scene: 0.047817
diff_L1_ki_model_scene: 0.0244865
diff_L1_ij_model_scene: 0.0166942
diff_L1_jk_model_scene: 0.045909
diff_L1_ki_model_scene: 0.00502481
diff_L1_ij_model_scene: 0.0194326
diff_L1_jk_model_scene: 0.045909
diff_L1_ki_model_scene: 0.0244865
diff_L1_ij_model_scene: 0.075744
diff_L1_jk_model_scene: 0.045909
diff_L1_ki_model_scene: 0.047817
diff_L1_ij_model_scene: 0.000217281
diff_L1_jk_model_scene: 0.0465001
diff_L1_ki_model_scene: 0.00502481
diff_L1_ij_model_scene: 0.0138096
diff_L1_jk_model_scene: 0.0465001
diff_L1_ki_model_scene: 0.0244865
diff_L1_ij_model_scene: 0.0725309
diff_L1_jk_model_scene: 0.0465001
diff_L1_ki_model_scene: 0.047817
diff_L1_ij_model_scene: 0.0439375
diff_L1_jk_model_scene: 0.0465001
diff_L1_ki_model_scene: 0.045909
diff_L1_ij_model_scene: 0.0367527
diff_L1_jk_model_scene: 0.0247501
diff_L1_ki_model_scene: 0.00498748
diff_L1_ij_model_scene: 0.00905722
diff_L1_jk_model_scene: 0.12906
diff_L1_ki_model_scene: 0.00498748
diff_L1_ij_model_scene: 0.0269596
diff_L1_jk_model_scene: 0.12906
diff_L1_ki_model_scene: 0.0247501
diff_L1_ij_model_scene: 0.0166942
diff_L1_jk_model_scene: 0.118605
diff_L1_ki_model_scene: 0.00498748
diff_L1_ij_model_scene: 0.0194326
diff_L1_jk_model_scene: 0.118605
diff_L1_ki_model_scene: 0.0247501
diff_L1_ij_model_scene: 0.075744
diff_L1_jk_model_scene: 0.118605
diff_L1_ki_model_scene: 0.12906
diff_L1_ij_model_scene: 0.000217281
diff_L1_jk_model_scene: 0.0810942
diff_L1_ki_model_scene: 0.00498748
diff_L1_ij_model_scene: 0.0138096
diff_L1_jk_model_scene: 0.0810942
diff_L1_ki_model_scene: 0.0247501
diff_L1_ij_model_scene: 0.0725309
diff_L1_jk_model_scene: 0.0810942
diff_L1_ki_model_scene: 0.12906
diff_L1_ij_model_scene: 0.0439375
diff_L1_jk_model_scene: 0.0810942
diff_L1_ki_model_scene: 0.118605
diff_L1_ij_model_scene: 0.00502481
diff_L1_jk_model_scene: 0.123319
diff_L1_ki_model_scene: 0.00498748
diff_L1_ij_model_scene: 0.0244865
diff_L1_jk_model_scene: 0.123319
diff_L1_ki_model_scene: 0.0247501
diff_L1_ij_model_scene: 0.047817
diff_L1_jk_model_scene: 0.123319
diff_L1_ki_model_scene: 0.12906
diff_L1_ij_model_scene: 0.045909
diff_L1_jk_model_scene: 0.123319
diff_L1_ki_model_scene: 0.118605
diff_L1_ij_model_scene: 0.0465001
diff_L1_jk_model_scene: 0.123319
diff_L1_ki_model_scene: 0.0810942
diff_L1_ij_model_scene: 0.0367527
diff_L1_jk_model_scene: 0.0169943
diff_L1_ki_model_scene: 0.0289524
diff_L1_ij_model_scene: 0.00905722
diff_L1_jk_model_scene: 0.109666
diff_L1_ki_model_scene: 0.0289524
diff_L1_ij_model_scene: 0.0269596
diff_L1_jk_model_scene: 0.109666
diff_L1_ki_model_scene: 0.0169943
diff_L1_ij_model_scene: 0.0166942
diff_L1_jk_model_scene: 0.0742721
diff_L1_ki_model_scene: 0.0289524
diff_L1_ij_model_scene: 0.0194326
diff_L1_jk_model_scene: 0.0742721
diff_L1_ki_model_scene: 0.0169943
diff_L1_ij_model_scene: 0.075744
diff_L1_jk_model_scene: 0.0742721
diff_L1_ki_model_scene: 0.109666
diff_L1_ij_model_scene: 0.000217281
diff_L1_jk_model_scene: 0.0434325
diff_L1_ki_model_scene: 0.0289524
diff_L1_ij_model_scene: 0.0138096
diff_L1_jk_model_scene: 0.0434325
diff_L1_ki_model_scene: 0.0169943
diff_L1_ij_model_scene: 0.0725309
diff_L1_jk_model_scene: 0.0434325
diff_L1_ki_model_scene: 0.109666
diff_L1_ij_model_scene: 0.0439375
diff_L1_jk_model_scene: 0.0434325
diff_L1_ki_model_scene: 0.0742721
diff_L1_ij_model_scene: 0.00502481
diff_L1_jk_model_scene: 0.0760036
diff_L1_ki_model_scene: 0.0289524
diff_L1_ij_model_scene: 0.0244865
diff_L1_jk_model_scene: 0.0760036
diff_L1_ki_model_scene: 0.0169943
diff_L1_ij_model_scene: 0.047817
diff_L1_jk_model_scene: 0.0760036
diff_L1_ki_model_scene: 0.109666
diff_L1_ij_model_scene: 0.045909
diff_L1_jk_model_scene: 0.0760036
diff_L1_ki_model_scene: 0.0742721
diff_L1_ij_model_scene: 0.0465001
diff_L1_jk_model_scene: 0.0760036
diff_L1_ki_model_scene: 0.0434325
diff_L1_ij_model_scene: 0.00498748
diff_L1_jk_model_scene: 0.0627054
diff_L1_ki_model_scene: 0.0289524
diff_L1_ij_model_scene: 0.0247501
diff_L1_jk_model_scene: 0.0627054
diff_L1_ki_model_scene: 0.0169943
diff_L1_ij_model_scene: 0.12906
diff_L1_jk_model_scene: 0.0627054
diff_L1_ki_model_scene: 0.109666
diff_L1_ij_model_scene: 0.118605
diff_L1_jk_model_scene: 0.0627054
diff_L1_ki_model_scene: 0.0742721
diff_L1_ij_model_scene: 0.0810942
diff_L1_jk_model_scene: 0.0627054
diff_L1_ki_model_scene: 0.0434325
diff_L1_ij_model_scene: 0.123319
diff_L1_jk_model_scene: 0.0627054
diff_L1_ki_model_scene: 0.0760036
diff_L1_ij_model_scene: 0.0367527
diff_L1_jk_model_scene: 0.0229367
diff_L1_ki_model_scene: 0.00719228
diff_L1_ij_model_scene: 0.00905722
diff_L1_jk_model_scene: 0.0888593
diff_L1_ki_model_scene: 0.00719228
diff_L1_ij_model_scene: 0.0269596
diff_L1_jk_model_scene: 0.0888593
diff_L1_ki_model_scene: 0.0229367
diff_L1_ij_model_scene: 0.0166942
diff_L1_jk_model_scene: 0.0669532
diff_L1_ki_model_scene: 0.00719228
diff_L1_ij_model_scene: 0.0194326
diff_L1_jk_model_scene: 0.0669532
diff_L1_ki_model_scene: 0.0229367
diff_L1_ij_model_scene: 0.075744
diff_L1_jk_model_scene: 0.0669532
diff_L1_ki_model_scene: 0.0888593
diff_L1_ij_model_scene: 0.000217281
diff_L1_jk_model_scene: 0.0351095
diff_L1_ki_model_scene: 0.00719228
diff_L1_ij_model_scene: 0.0138096
diff_L1_jk_model_scene: 0.0351095
diff_L1_ki_model_scene: 0.0229367
diff_L1_ij_model_scene: 0.0725309
diff_L1_jk_model_scene: 0.0351095
diff_L1_ki_model_scene: 0.0888593
diff_L1_ij_model_scene: 0.0439375
diff_L1_jk_model_scene: 0.0351095
diff_L1_ki_model_scene: 0.0669532
diff_L1_ij_model_scene: 0.00502481
diff_L1_jk_model_scene: 0.0688995
diff_L1_ki_model_scene: 0.00719228
diff_L1_ij_model_scene: 0.0244865
diff_L1_jk_model_scene: 0.0688995
diff_L1_ki_model_scene: 0.0229367
diff_L1_ij_model_scene: 0.047817
diff_L1_jk_model_scene: 0.0688995
diff_L1_ki_model_scene: 0.0888593
diff_L1_ij_model_scene: 0.045909
diff_L1_jk_model_scene: 0.0688995
diff_L1_ki_model_scene: 0.0669532
diff_L1_ij_model_scene: 0.0465001
diff_L1_jk_model_scene: 0.0688995
diff_L1_ki_model_scene: 0.0351095
diff_L1_ij_model_scene: 0.00498748
diff_L1_jk_model_scene: 0.072087
diff_L1_ki_model_scene: 0.00719228
diff_L1_ij_model_scene: 0.0247501
diff_L1_jk_model_scene: 0.072087
diff_L1_ki_model_scene: 0.0229367
diff_L1_ij_model_scene: 0.12906
diff_L1_jk_model_scene: 0.072087
diff_L1_ki_model_scene: 0.0888593
diff_L1_ij_model_scene: 0.118605
diff_L1_jk_model_scene: 0.072087
diff_L1_ki_model_scene: 0.0669532
diff_L1_ij_model_scene: 0.0810942
diff_L1_jk_model_scene: 0.072087
diff_L1_ki_model_scene: 0.0351095
diff_L1_ij_model_scene: 0.123319
diff_L1_jk_model_scene: 0.072087
diff_L1_ki_model_scene: 0.0688995
diff_L1_ij_model_scene: 0.0289524
diff_L1_jk_model_scene: 0.0473255
diff_L1_ki_model_scene: 0.00719228
diff_L1_ij_model_scene: 0.0169943
diff_L1_jk_model_scene: 0.0473255
diff_L1_ki_model_scene: 0.0229367
diff_L1_ij_model_scene: 0.109666
diff_L1_jk_model_scene: 0.0473255
diff_L1_ki_model_scene: 0.0888593
diff_L1_ij_model_scene: 0.0742721
diff_L1_jk_model_scene: 0.0473255
diff_L1_ki_model_scene: 0.0669532
diff_L1_ij_model_scene: 0.0434325
diff_L1_jk_model_scene: 0.0473255
diff_L1_ki_model_scene: 0.0351095
diff_L1_ij_model_scene: 0.0760036
diff_L1_jk_model_scene: 0.0473255
diff_L1_ki_model_scene: 0.0688995
diff_L1_ij_model_scene: 0.0627054
diff_L1_jk_model_scene: 0.0473255
diff_L1_ki_model_scene: 0.072087
diff_L1_ij_model_scene: 0.0367527
diff_L1_jk_model_scene: 0.0650225
diff_L1_ki_model_scene: 0.0464572
diff_L1_ij_model_scene: 0.00905722
diff_L1_jk_model_scene: 0.103044
diff_L1_ki_model_scene: 0.0464572
diff_L1_ij_model_scene: 0.0269596
diff_L1_jk_model_scene: 0.103044
diff_L1_ki_model_scene: 0.0650225
diff_L1_ij_model_scene: 0.0166942
diff_L1_jk_model_scene: 0.0847855
diff_L1_ki_model_scene: 0.0464572
diff_L1_ij_model_scene: 0.0194326
diff_L1_jk_model_scene: 0.0847855
diff_L1_ki_model_scene: 0.0650225
diff_L1_ij_model_scene: 0.075744
diff_L1_jk_model_scene: 0.0847855
diff_L1_ki_model_scene: 0.103044
diff_L1_ij_model_scene: 0.000217281
diff_L1_jk_model_scene: 0.0943199
diff_L1_ki_model_scene: 0.0464572
diff_L1_ij_model_scene: 0.0138096
diff_L1_jk_model_scene: 0.0943199
diff_L1_ki_model_scene: 0.0650225
diff_L1_ij_model_scene: 0.0725309
diff_L1_jk_model_scene: 0.0943199
diff_L1_ki_model_scene: 0.103044
diff_L1_ij_model_scene: 0.0439375
diff_L1_jk_model_scene: 0.0943199
diff_L1_ki_model_scene: 0.0847855
diff_L1_ij_model_scene: 0.00502481
diff_L1_jk_model_scene: 0.0775035
diff_L1_ki_model_scene: 0.0464572
diff_L1_ij_model_scene: 0.0244865
diff_L1_jk_model_scene: 0.0775035
diff_L1_ki_model_scene: 0.0650225
diff_L1_ij_model_scene: 0.047817
diff_L1_jk_model_scene: 0.0775035
diff_L1_ki_model_scene: 0.103044
diff_L1_ij_model_scene: 0.045909
diff_L1_jk_model_scene: 0.0775035
diff_L1_ki_model_scene: 0.0847855
diff_L1_ij_model_scene: 0.0465001
diff_L1_jk_model_scene: 0.0775035
diff_L1_ki_model_scene: 0.0943199
diff_L1_ij_model_scene: 0.00498748
diff_L1_jk_model_scene: 0.153447
diff_L1_ki_model_scene: 0.0464572
diff_L1_ij_model_scene: 0.0247501
diff_L1_jk_model_scene: 0.153447
diff_L1_ki_model_scene: 0.0650225
diff_L1_ij_model_scene: 0.12906
diff_L1_jk_model_scene: 0.153447
diff_L1_ki_model_scene: 0.103044
diff_L1_ij_model_scene: 0.118605
diff_L1_jk_model_scene: 0.153447
diff_L1_ki_model_scene: 0.0847855
diff_L1_ij_model_scene: 0.0810942
diff_L1_jk_model_scene: 0.153447
diff_L1_ki_model_scene: 0.0943199
diff_L1_ij_model_scene: 0.123319
diff_L1_jk_model_scene: 0.153447
diff_L1_ki_model_scene: 0.0775035
diff_L1_ij_model_scene: 0.0289524
diff_L1_jk_model_scene: 0.107204
diff_L1_ki_model_scene: 0.0464572
diff_L1_ij_model_scene: 0.0169943
diff_L1_jk_model_scene: 0.107204
diff_L1_ki_model_scene: 0.0650225
diff_L1_ij_model_scene: 0.109666
diff_L1_jk_model_scene: 0.107204
diff_L1_ki_model_scene: 0.103044
diff_L1_ij_model_scene: 0.0742721
diff_L1_jk_model_scene: 0.107204
diff_L1_ki_model_scene: 0.0847855
diff_L1_ij_model_scene: 0.0434325
diff_L1_jk_model_scene: 0.107204
diff_L1_ki_model_scene: 0.0943199
diff_L1_ij_model_scene: 0.0760036
diff_L1_jk_model_scene: 0.107204
diff_L1_ki_model_scene: 0.0775035
diff_L1_ij_model_scene: 0.0627054
diff_L1_jk_model_scene: 0.107204
diff_L1_ki_model_scene: 0.153447
diff_L1_ij_model_scene: 0.00719228
diff_L1_jk_model_scene: 0.112522
diff_L1_ki_model_scene: 0.0464572
diff_L1_ij_model_scene: 0.0229367
diff_L1_jk_model_scene: 0.112522
diff_L1_ki_model_scene: 0.0650225
diff_L1_ij_model_scene: 0.0888593
diff_L1_jk_model_scene: 0.112522
diff_L1_ki_model_scene: 0.103044
diff_L1_ij_model_scene: 0.0669532
diff_L1_jk_model_scene: 0.112522
diff_L1_ki_model_scene: 0.0847855
diff_L1_ij_model_scene: 0.0351095
diff_L1_jk_model_scene: 0.112522
diff_L1_ki_model_scene: 0.0943199
diff_L1_ij_model_scene: 0.0688995
diff_L1_jk_model_scene: 0.112522
diff_L1_ki_model_scene: 0.0775035
diff_L1_ij_model_scene: 0.072087
diff_L1_jk_model_scene: 0.112522
diff_L1_ki_model_scene: 0.153447
diff_L1_ij_model_scene: 0.0473255
diff_L1_jk_model_scene: 0.112522
diff_L1_ki_model_scene: 0.107204
diff_L1_ij_model_scene: 0.0367527
diff_L1_jk_model_scene: 0.0183666
diff_L1_ki_model_scene: 0.00439881
diff_L1_ij_model_scene: 0.00905722
diff_L1_jk_model_scene: 0.0749562
diff_L1_ki_model_scene: 0.00439881
diff_L1_ij_model_scene: 0.0269596
diff_L1_jk_model_scene: 0.0749562
diff_L1_ki_model_scene: 0.0183666
diff_L1_ij_model_scene: 0.0166942
diff_L1_jk_model_scene: 0.06961
diff_L1_ki_model_scene: 0.00439881
diff_L1_ij_model_scene: 0.0194326
diff_L1_jk_model_scene: 0.06961
diff_L1_ki_model_scene: 0.0183666
diff_L1_ij_model_scene: 0.075744
diff_L1_jk_model_scene: 0.06961
diff_L1_ki_model_scene: 0.0749562
diff_L1_ij_model_scene: 0.000217281
diff_L1_jk_model_scene: 0.0591948
diff_L1_ki_model_scene: 0.00439881
diff_L1_ij_model_scene: 0.0138096
diff_L1_jk_model_scene: 0.0591948
diff_L1_ki_model_scene: 0.0183666
diff_L1_ij_model_scene: 0.0725309
diff_L1_jk_model_scene: 0.0591948
diff_L1_ki_model_scene: 0.0749562
diff_L1_ij_model_scene: 0.0439375
diff_L1_jk_model_scene: 0.0591948
diff_L1_ki_model_scene: 0.06961
diff_L1_ij_model_scene: 0.00502481
diff_L1_jk_model_scene: 0.0410012
diff_L1_ki_model_scene: 0.00439881
diff_L1_ij_model_scene: 0.0244865
diff_L1_jk_model_scene: 0.0410012
diff_L1_ki_model_scene: 0.0183666
diff_L1_ij_model_scene: 0.047817
diff_L1_jk_model_scene: 0.0410012
diff_L1_ki_model_scene: 0.0749562
diff_L1_ij_model_scene: 0.045909
diff_L1_jk_model_scene: 0.0410012
diff_L1_ki_model_scene: 0.06961
diff_L1_ij_model_scene: 0.0465001
diff_L1_jk_model_scene: 0.0410012
diff_L1_ki_model_scene: 0.0591948
diff_L1_ij_model_scene: 0.00498748
diff_L1_jk_model_scene: 0.112117
diff_L1_ki_model_scene: 0.00439881
diff_L1_ij_model_scene: 0.0247501
diff_L1_jk_model_scene: 0.112117
diff_L1_ki_model_scene: 0.0183666
diff_L1_ij_model_scene: 0.12906
diff_L1_jk_model_scene: 0.112117
diff_L1_ki_model_scene: 0.0749562
diff_L1_ij_model_scene: 0.118605
diff_L1_jk_model_scene: 0.112117
diff_L1_ki_model_scene: 0.06961
diff_L1_ij_model_scene: 0.0810942
diff_L1_jk_model_scene: 0.112117
diff_L1_ki_model_scene: 0.0591948
diff_L1_ij_model_scene: 0.123319
diff_L1_jk_model_scene: 0.112117
diff_L1_ki_model_scene: 0.0410012
diff_L1_ij_model_scene: 0.0289524
diff_L1_jk_model_scene: 0.0750271
diff_L1_ki_model_scene: 0.00439881
diff_L1_ij_model_scene: 0.0169943
diff_L1_jk_model_scene: 0.0750271
diff_L1_ki_model_scene: 0.0183666
diff_L1_ij_model_scene: 0.109666
diff_L1_jk_model_scene: 0.0750271
diff_L1_ki_model_scene: 0.0749562
diff_L1_ij_model_scene: 0.0742721
diff_L1_jk_model_scene: 0.0750271
diff_L1_ki_model_scene: 0.06961
diff_L1_ij_model_scene: 0.0434325
diff_L1_jk_model_scene: 0.0750271
diff_L1_ki_model_scene: 0.0591948
diff_L1_ij_model_scene: 0.0760036
diff_L1_jk_model_scene: 0.0750271
diff_L1_ki_model_scene: 0.0410012
diff_L1_ij_model_scene: 0.0627054
diff_L1_jk_model_scene: 0.0750271
diff_L1_ki_model_scene: 0.112117
diff_L1_ij_model_scene: 0.00719228
diff_L1_jk_model_scene: 0.0699282
diff_L1_ki_model_scene: 0.00439881
diff_L1_ij_model_scene: 0.0229367
diff_L1_jk_model_scene: 0.0699282
diff_L1_ki_model_scene: 0.0183666
diff_L1_ij_model_scene: 0.0888593
diff_L1_jk_model_scene: 0.0699282
diff_L1_ki_model_scene: 0.0749562
diff_L1_ij_model_scene: 0.0669532
diff_L1_jk_model_scene: 0.0699282
diff_L1_ki_model_scene: 0.06961
diff_L1_ij_model_scene: 0.0351095
diff_L1_jk_model_scene: 0.0699282
diff_L1_ki_model_scene: 0.0591948
diff_L1_ij_model_scene: 0.0688995
diff_L1_jk_model_scene: 0.0699282
diff_L1_ki_model_scene: 0.0410012
diff_L1_ij_model_scene: 0.072087
diff_L1_jk_model_scene: 0.0699282
diff_L1_ki_model_scene: 0.112117
diff_L1_ij_model_scene: 0.0473255
diff_L1_jk_model_scene: 0.0699282
diff_L1_ki_model_scene: 0.0750271
diff_L1_ij_model_scene: 0.0464572
diff_L1_jk_model_scene: 0.0831302
diff_L1_ki_model_scene: 0.00439881
diff_L1_ij_model_scene: 0.0650225
diff_L1_jk_model_scene: 0.0831302
diff_L1_ki_model_scene: 0.0183666
diff_L1_ij_model_scene: 0.103044
diff_L1_jk_model_scene: 0.0831302
diff_L1_ki_model_scene: 0.0749562
diff_L1_ij_model_scene: 0.0847855
diff_L1_jk_model_scene: 0.0831302
diff_L1_ki_model_scene: 0.06961
diff_L1_ij_model_scene: 0.0943199
diff_L1_jk_model_scene: 0.0831302
diff_L1_ki_model_scene: 0.0591948
diff_L1_ij_model_scene: 0.0775035
diff_L1_jk_model_scene: 0.0831302
diff_L1_ki_model_scene: 0.0410012
diff_L1_ij_model_scene: 0.153447
diff_L1_jk_model_scene: 0.0831302
diff_L1_ki_model_scene: 0.112117
diff_L1_ij_model_scene: 0.107204
diff_L1_jk_model_scene: 0.0831302
diff_L1_ki_model_scene: 0.0750271
diff_L1_ij_model_scene: 0.112522
diff_L1_jk_model_scene: 0.0831302
diff_L1_ki_model_scene: 0.0699282
diff_L1_ij_model_scene: 0.0367527
diff_L1_jk_model_scene: 0.0531217
diff_L1_ki_model_scene: 0.0180666
diff_L1_ij_model_scene: 0.00905722
diff_L1_jk_model_scene: 0.0442701
diff_L1_ki_model_scene: 0.0180666
diff_L1_ij_model_scene: 0.0269596
diff_L1_jk_model_scene: 0.0442701
diff_L1_ki_model_scene: 0.0531217
diff_L1_ij_model_scene: 0.0166942
diff_L1_jk_model_scene: 0.0791679
diff_L1_ki_model_scene: 0.0180666
diff_L1_ij_model_scene: 0.0194326
diff_L1_jk_model_scene: 0.0791679
diff_L1_ki_model_scene: 0.0531217
diff_L1_ij_model_scene: 0.075744
diff_L1_jk_model_scene: 0.0791679
diff_L1_ki_model_scene: 0.0442701
diff_L1_ij_model_scene: 0.000217281
diff_L1_jk_model_scene: 0.0829599
diff_L1_ki_model_scene: 0.0180666
diff_L1_ij_model_scene: 0.0138096
diff_L1_jk_model_scene: 0.0829599
diff_L1_ki_model_scene: 0.0531217
diff_L1_ij_model_scene: 0.0725309
diff_L1_jk_model_scene: 0.0829599
diff_L1_ki_model_scene: 0.0442701
diff_L1_ij_model_scene: 0.0439375
diff_L1_jk_model_scene: 0.0829599
diff_L1_ki_model_scene: 0.0791679
diff_L1_ij_model_scene: 0.00502481
diff_L1_jk_model_scene: 0.0414689
diff_L1_ki_model_scene: 0.0180666
diff_L1_ij_model_scene: 0.0244865
diff_L1_jk_model_scene: 0.0414689
diff_L1_ki_model_scene: 0.0531217
diff_L1_ij_model_scene: 0.047817
diff_L1_jk_model_scene: 0.0414689
diff_L1_ki_model_scene: 0.0442701
diff_L1_ij_model_scene: 0.045909
diff_L1_jk_model_scene: 0.0414689
diff_L1_ki_model_scene: 0.0791679
diff_L1_ij_model_scene: 0.0465001
diff_L1_jk_model_scene: 0.0414689
diff_L1_ki_model_scene: 0.0829599
diff_L1_ij_model_scene: 0.00498748
diff_L1_jk_model_scene: 0.155799
diff_L1_ki_model_scene: 0.0180666
diff_L1_ij_model_scene: 0.0247501
diff_L1_jk_model_scene: 0.155799
diff_L1_ki_model_scene: 0.0531217
diff_L1_ij_model_scene: 0.12906
diff_L1_jk_model_scene: 0.155799
diff_L1_ki_model_scene: 0.0442701
diff_L1_ij_model_scene: 0.118605
diff_L1_jk_model_scene: 0.155799
diff_L1_ki_model_scene: 0.0791679
diff_L1_ij_model_scene: 0.0810942
diff_L1_jk_model_scene: 0.155799
diff_L1_ki_model_scene: 0.0829599
diff_L1_ij_model_scene: 0.123319
diff_L1_jk_model_scene: 0.155799
diff_L1_ki_model_scene: 0.0414689
diff_L1_ij_model_scene: 0.0289524
diff_L1_jk_model_scene: 0.113515
diff_L1_ki_model_scene: 0.0180666
diff_L1_ij_model_scene: 0.0169943
diff_L1_jk_model_scene: 0.113515
diff_L1_ki_model_scene: 0.0531217
diff_L1_ij_model_scene: 0.109666
diff_L1_jk_model_scene: 0.113515
diff_L1_ki_model_scene: 0.0442701
diff_L1_ij_model_scene: 0.0742721
diff_L1_jk_model_scene: 0.113515
diff_L1_ki_model_scene: 0.0791679
diff_L1_ij_model_scene: 0.0434325
diff_L1_jk_model_scene: 0.113515
diff_L1_ki_model_scene: 0.0829599
diff_L1_ij_model_scene: 0.0760036
diff_L1_jk_model_scene: 0.113515
diff_L1_ki_model_scene: 0.0414689
diff_L1_ij_model_scene: 0.0627054
diff_L1_jk_model_scene: 0.113515
diff_L1_ki_model_scene: 0.155799
diff_L1_ij_model_scene: 0.00719228
diff_L1_jk_model_scene: 0.100429
diff_L1_ki_model_scene: 0.0180666
diff_L1_ij_model_scene: 0.0229367
diff_L1_jk_model_scene: 0.100429
diff_L1_ki_model_scene: 0.0531217
diff_L1_ij_model_scene: 0.0888593
diff_L1_jk_model_scene: 0.100429
diff_L1_ki_model_scene: 0.0442701
diff_L1_ij_model_scene: 0.0669532
diff_L1_jk_model_scene: 0.100429
diff_L1_ki_model_scene: 0.0791679
diff_L1_ij_model_scene: 0.0351095
diff_L1_jk_model_scene: 0.100429
diff_L1_ki_model_scene: 0.0829599
diff_L1_ij_model_scene: 0.0688995
diff_L1_jk_model_scene: 0.100429
diff_L1_ki_model_scene: 0.0414689
diff_L1_ij_model_scene: 0.072087
diff_L1_jk_model_scene: 0.100429
diff_L1_ki_model_scene: 0.155799
diff_L1_ij_model_scene: 0.0473255
diff_L1_jk_model_scene: 0.100429
diff_L1_ki_model_scene: 0.113515
diff_L1_ij_model_scene: 0.0464572
diff_L1_jk_model_scene: 0.0722258
diff_L1_ki_model_scene: 0.0180666
diff_L1_ij_model_scene: 0.0650225
diff_L1_jk_model_scene: 0.0722258
diff_L1_ki_model_scene: 0.0531217
diff_L1_ij_model_scene: 0.103044
diff_L1_jk_model_scene: 0.0722258
diff_L1_ki_model_scene: 0.0442701
diff_L1_ij_model_scene: 0.0847855
diff_L1_jk_model_scene: 0.0722258
diff_L1_ki_model_scene: 0.0791679
diff_L1_ij_model_scene: 0.0943199
diff_L1_jk_model_scene: 0.0722258
diff_L1_ki_model_scene: 0.0829599
diff_L1_ij_model_scene: 0.0775035
diff_L1_jk_model_scene: 0.0722258
diff_L1_ki_model_scene: 0.0414689
diff_L1_ij_model_scene: 0.153447
diff_L1_jk_model_scene: 0.0722258
diff_L1_ki_model_scene: 0.155799
diff_L1_ij_model_scene: 0.107204
diff_L1_jk_model_scene: 0.0722258
diff_L1_ki_model_scene: 0.113515
diff_L1_ij_model_scene: 0.112522
diff_L1_jk_model_scene: 0.0722258
diff_L1_ki_model_scene: 0.100429
diff_L1_ij_model_scene: 0.00439881
diff_L1_jk_model_scene: 0.0575689
diff_L1_ki_model_scene: 0.0180666
diff_L1_ij_model_scene: 0.0183666
diff_L1_jk_model_scene: 0.0575689
diff_L1_ki_model_scene: 0.0531217
diff_L1_ij_model_scene: 0.0749562
diff_L1_jk_model_scene: 0.0575689
diff_L1_ki_model_scene: 0.0442701
diff_L1_ij_model_scene: 0.06961
diff_L1_jk_model_scene: 0.0575689
diff_L1_ki_model_scene: 0.0791679
diff_L1_ij_model_scene: 0.0591948
diff_L1_jk_model_scene: 0.0575689
diff_L1_ki_model_scene: 0.0829599
diff_L1_ij_model_scene: 0.0410012
diff_L1_jk_model_scene: 0.0575689
diff_L1_ki_model_scene: 0.0414689
diff_L1_ij_model_scene: 0.112117
diff_L1_jk_model_scene: 0.0575689
diff_L1_ki_model_scene: 0.155799
diff_L1_ij_model_scene: 0.0750271
diff_L1_jk_model_scene: 0.0575689
diff_L1_ki_model_scene: 0.113515
diff_L1_ij_model_scene: 0.0699282
diff_L1_jk_model_scene: 0.0575689
diff_L1_ki_model_scene: 0.100429
diff_L1_ij_model_scene: 0.0831302
diff_L1_jk_model_scene: 0.0575689
diff_L1_ki_model_scene: 0.0722258
diff_L1_ij_model_scene: 0.0367527
diff_L1_jk_model_scene: 0.0101622
diff_L1_ki_model_scene: 0.0294747
diff_L1_ij_model_scene: 0.00905722
diff_L1_jk_model_scene: 0.035069
diff_L1_ki_model_scene: 0.0294747
diff_L1_ij_model_scene: 0.0269596
diff_L1_jk_model_scene: 0.035069
diff_L1_ki_model_scene: 0.0101622
diff_L1_ij_model_scene: 0.0166942
diff_L1_jk_model_scene: 0.0662988
diff_L1_ki_model_scene: 0.0294747
diff_L1_ij_model_scene: 0.0194326
diff_L1_jk_model_scene: 0.0662988
diff_L1_ki_model_scene: 0.0101622
diff_L1_ij_model_scene: 0.075744
diff_L1_jk_model_scene: 0.0662988
diff_L1_ki_model_scene: 0.035069
diff_L1_ij_model_scene: 0.000217281
diff_L1_jk_model_scene: 0.0693084
diff_L1_ki_model_scene: 0.0294747
diff_L1_ij_model_scene: 0.0138096
diff_L1_jk_model_scene: 0.0693084
diff_L1_ki_model_scene: 0.0101622
diff_L1_ij_model_scene: 0.0725309
diff_L1_jk_model_scene: 0.0693084
diff_L1_ki_model_scene: 0.035069
diff_L1_ij_model_scene: 0.0439375
diff_L1_jk_model_scene: 0.0693084
diff_L1_ki_model_scene: 0.0662988
diff_L1_ij_model_scene: 0.00502481
diff_L1_jk_model_scene: 0.0548557
diff_L1_ki_model_scene: 0.0294747
diff_L1_ij_model_scene: 0.0244865
diff_L1_jk_model_scene: 0.0548557
diff_L1_ki_model_scene: 0.0101622
diff_L1_ij_model_scene: 0.047817
diff_L1_jk_model_scene: 0.0548557
diff_L1_ki_model_scene: 0.035069
diff_L1_ij_model_scene: 0.045909
diff_L1_jk_model_scene: 0.0548557
diff_L1_ki_model_scene: 0.0662988
diff_L1_ij_model_scene: 0.0465001
diff_L1_jk_model_scene: 0.0548557
diff_L1_ki_model_scene: 0.0693084
diff_L1_ij_model_scene: 0.00498748
diff_L1_jk_model_scene: 0.119002
diff_L1_ki_model_scene: 0.0294747
diff_L1_ij_model_scene: 0.0247501
diff_L1_jk_model_scene: 0.119002
diff_L1_ki_model_scene: 0.0101622
diff_L1_ij_model_scene: 0.12906
diff_L1_jk_model_scene: 0.119002
diff_L1_ki_model_scene: 0.035069
diff_L1_ij_model_scene: 0.118605
diff_L1_jk_model_scene: 0.119002
diff_L1_ki_model_scene: 0.0662988
diff_L1_ij_model_scene: 0.0810942
diff_L1_jk_model_scene: 0.119002
diff_L1_ki_model_scene: 0.0693084
diff_L1_ij_model_scene: 0.123319
diff_L1_jk_model_scene: 0.119002
diff_L1_ki_model_scene: 0.0548557
diff_L1_ij_model_scene: 0.0289524
diff_L1_jk_model_scene: 0.103772
diff_L1_ki_model_scene: 0.0294747
diff_L1_ij_model_scene: 0.0169943
diff_L1_jk_model_scene: 0.103772
diff_L1_ki_model_scene: 0.0101622
diff_L1_ij_model_scene: 0.109666
diff_L1_jk_model_scene: 0.103772
diff_L1_ki_model_scene: 0.035069
diff_L1_ij_model_scene: 0.0742721
diff_L1_jk_model_scene: 0.103772
diff_L1_ki_model_scene: 0.0662988
diff_L1_ij_model_scene: 0.0434325
diff_L1_jk_model_scene: 0.103772
diff_L1_ki_model_scene: 0.0693084
diff_L1_ij_model_scene: 0.0760036
diff_L1_jk_model_scene: 0.103772
diff_L1_ki_model_scene: 0.0548557
diff_L1_ij_model_scene: 0.0627054
diff_L1_jk_model_scene: 0.103772
diff_L1_ki_model_scene: 0.119002
diff_L1_ij_model_scene: 0.00719228
diff_L1_jk_model_scene: 0.0829302
diff_L1_ki_model_scene: 0.0294747
diff_L1_ij_model_scene: 0.0229367
diff_L1_jk_model_scene: 0.0829302
diff_L1_ki_model_scene: 0.0101622
diff_L1_ij_model_scene: 0.0888593
diff_L1_jk_model_scene: 0.0829302
diff_L1_ki_model_scene: 0.035069
diff_L1_ij_model_scene: 0.0669532
diff_L1_jk_model_scene: 0.0829302
diff_L1_ki_model_scene: 0.0662988
diff_L1_ij_model_scene: 0.0351095
diff_L1_jk_model_scene: 0.0829302
diff_L1_ki_model_scene: 0.0693084
diff_L1_ij_model_scene: 0.0688995
diff_L1_jk_model_scene: 0.0829302
diff_L1_ki_model_scene: 0.0548557
diff_L1_ij_model_scene: 0.072087
diff_L1_jk_model_scene: 0.0829302
diff_L1_ki_model_scene: 0.119002
diff_L1_ij_model_scene: 0.0473255
diff_L1_jk_model_scene: 0.0829302
diff_L1_ki_model_scene: 0.103772
diff_L1_ij_model_scene: 0.0464572
diff_L1_jk_model_scene: 0.103575
diff_L1_ki_model_scene: 0.0294747
diff_L1_ij_model_scene: 0.0650225
diff_L1_jk_model_scene: 0.103575
diff_L1_ki_model_scene: 0.0101622
diff_L1_ij_model_scene: 0.103044
diff_L1_jk_model_scene: 0.103575
diff_L1_ki_model_scene: 0.035069
diff_L1_ij_model_scene: 0.0847855
diff_L1_jk_model_scene: 0.103575
diff_L1_ki_model_scene: 0.0662988
diff_L1_ij_model_scene: 0.0943199
diff_L1_jk_model_scene: 0.103575
diff_L1_ki_model_scene: 0.0693084
diff_L1_ij_model_scene: 0.0775035
diff_L1_jk_model_scene: 0.103575
diff_L1_ki_model_scene: 0.0548557
diff_L1_ij_model_scene: 0.153447
diff_L1_jk_model_scene: 0.103575
diff_L1_ki_model_scene: 0.119002
diff_L1_ij_model_scene: 0.107204
diff_L1_jk_model_scene: 0.103575
diff_L1_ki_model_scene: 0.103772
diff_L1_ij_model_scene: 0.112522
diff_L1_jk_model_scene: 0.103575
diff_L1_ki_model_scene: 0.0829302
diff_L1_ij_model_scene: 0.00439881
diff_L1_jk_model_scene: 0.0801486
diff_L1_ki_model_scene: 0.0294747
diff_L1_ij_model_scene: 0.0183666
diff_L1_jk_model_scene: 0.0801486
diff_L1_ki_model_scene: 0.0101622
diff_L1_ij_model_scene: 0.0749562
diff_L1_jk_model_scene: 0.0801486
diff_L1_ki_model_scene: 0.035069
diff_L1_ij_model_scene: 0.06961
diff_L1_jk_model_scene: 0.0801486
diff_L1_ki_model_scene: 0.0662988
diff_L1_ij_model_scene: 0.0591948
diff_L1_jk_model_scene: 0.0801486
diff_L1_ki_model_scene: 0.0693084
diff_L1_ij_model_scene: 0.0410012
diff_L1_jk_model_scene: 0.0801486
diff_L1_ki_model_scene: 0.0548557
diff_L1_ij_model_scene: 0.112117
diff_L1_jk_model_scene: 0.0801486
diff_L1_ki_model_scene: 0.119002
diff_L1_ij_model_scene: 0.0750271
diff_L1_jk_model_scene: 0.0801486
diff_L1_ki_model_scene: 0.103772
diff_L1_ij_model_scene: 0.0699282
diff_L1_jk_model_scene: 0.0801486
diff_L1_ki_model_scene: 0.0829302
diff_L1_ij_model_scene: 0.0831302
diff_L1_jk_model_scene: 0.0801486
diff_L1_ki_model_scene: 0.103575
diff_L1_ij_model_scene: 0.0180666
diff_L1_jk_model_scene: 0.067663
diff_L1_ki_model_scene: 0.0294747
diff_L1_ij_model_scene: 0.0531217
diff_L1_jk_model_scene: 0.067663
diff_L1_ki_model_scene: 0.0101622
diff_L1_ij_model_scene: 0.0442701
diff_L1_jk_model_scene: 0.067663
diff_L1_ki_model_scene: 0.035069
diff_L1_ij_model_scene: 0.0791679
diff_L1_jk_model_scene: 0.067663
diff_L1_ki_model_scene: 0.0662988
diff_L1_ij_model_scene: 0.0829599
diff_L1_jk_model_scene: 0.067663
diff_L1_ki_model_scene: 0.0693084
diff_L1_ij_model_scene: 0.0414689
diff_L1_jk_model_scene: 0.067663
diff_L1_ki_model_scene: 0.0548557
diff_L1_ij_model_scene: 0.155799
diff_L1_jk_model_scene: 0.067663
diff_L1_ki_model_scene: 0.119002
diff_L1_ij_model_scene: 0.113515
diff_L1_jk_model_scene: 0.067663
diff_L1_ki_model_scene: 0.103772
diff_L1_ij_model_scene: 0.100429
diff_L1_jk_model_scene: 0.067663
diff_L1_ki_model_scene: 0.0829302
diff_L1_ij_model_scene: 0.0722258
diff_L1_jk_model_scene: 0.067663
diff_L1_ki_model_scene: 0.103575
diff_L1_ij_model_scene: 0.0575689
diff_L1_jk_model_scene: 0.067663
diff_L1_ki_model_scene: 0.0801486
Begin transform SVD
Addline with ID: correspondence_line0
Addline with ID: correspondence_line1
Addline with ID: correspondence_line2
Addline with ID: correspondence_line3
Addline with ID: correspondence_line4
Addline with ID: correspondence_line5
Addline with ID: correspondence_line6
Addline with ID: correspondence_line7
Addline with ID: correspondence_line8
Addline with ID: correspondence_line9
Addline with ID: correspondence_line10
Addline with ID: correspondence_line11
Addline with ID: correspondence_line12
